<?xml version="1.0" encoding="UTF-8"?>
<!-- Generated by org.testng.reporters.JUnitReportReporter -->
<testsuite hostname="Evl-2586248" failures="0" tests="2" name="tests.LoginTest" time="54.930" errors="0" timestamp="2023-08-02T21:33:02 IST" skipped="0">
  <testcase classname="tests.LoginTest" name="loginWithValidCrendetials" time="35.734"/>
  <system-out/>
  <testcase classname="tests.LoginTest" name="loginWithInvalidCredentials" time="19.196"/>
  <system-out/>
</testsuite> <!-- tests.LoginTest -->
