<?xml version="1.0" encoding="UTF-8"?>
<!-- Generated by org.testng.reporters.JUnitReportReporter -->
<testsuite hostname="santosh" failures="0" tests="3" name="tests.SearchTest" time="21.373" errors="0" timestamp="2023-07-24T12:16:15 IST" skipped="0">
  <testcase classname="tests.SearchTest" name="searchWithValidProductName" time="8.317"/>
  <system-out/>
  <testcase classname="tests.SearchTest" name="searchWithInvalidProductName" time="6.823"/>
  <system-out/>
  <testcase classname="tests.SearchTest" name="searchByNotProvidingAnyProductName" time="6.233"/>
  <system-out/>
</testsuite> <!-- tests.SearchTest -->
