<?xml version="1.0" encoding="UTF-8"?>
<!-- Generated by org.testng.reporters.JUnitReportReporter -->
<testsuite hostname="santosh" failures="0" tests="2" name="tests.RegisterTest" time="20.147" errors="0" timestamp="2023-07-24T12:16:15 IST" skipped="0">
  <testcase classname="tests.RegisterTest" name="registerWithMandatoryFields" time="11.294"/>
  <system-out/>
  <testcase classname="tests.RegisterTest" name="registerWithAllFields" time="8.853"/>
  <system-out/>
</testsuite> <!-- tests.RegisterTest -->
